<?xml version="1.0" encoding="UTF-8"?>
<testng-results ignored="0" total="1" passed="1" failed="0" skipped="0">
  <reporter-output>
  </reporter-output>
  <suite started-at="2022-08-02T18:52:49 IST" name="Default suite" finished-at="2022-08-02T18:52:53 IST" duration-ms="4147">
    <groups>
    </groups>
    <test started-at="2022-08-02T18:52:49 IST" name="Default test" finished-at="2022-08-02T18:52:53 IST" duration-ms="4147">
      <class name="mobile.Lanuch">
        <test-method signature="Launching_the_Browser()[pri:0, instance:mobile.Lanuch@4efc180e]" started-at="2022-08-02T18:52:49 IST" name="Launching_the_Browser" finished-at="2022-08-02T18:52:53 IST" duration-ms="4108" status="PASS">
          <reporter-output>
          </reporter-output>
        </test-method> <!-- Launching_the_Browser -->
      </class> <!-- mobile.Lanuch -->
    </test> <!-- Default test -->
  </suite> <!-- Default suite -->
</testng-results>
