<?xml version="1.0" encoding="UTF-8"?>
<testng-results ignored="0" total="1" passed="1" failed="0" skipped="0">
  <reporter-output>
  </reporter-output>
  <suite started-at="2022-08-02T17:41:05 IST" name="Default suite" finished-at="2022-08-02T17:41:10 IST" duration-ms="4429">
    <groups>
    </groups>
    <test started-at="2022-08-02T17:41:05 IST" name="Default test" finished-at="2022-08-02T17:41:10 IST" duration-ms="4429">
      <class name="mobile.Launch">
        <test-method signature="Launching_the_Browser()[pri:0, instance:mobile.Launch@957e06]" started-at="2022-08-02T17:41:05 IST" name="Launching_the_Browser" finished-at="2022-08-02T17:41:10 IST" duration-ms="4374" status="PASS">
          <reporter-output>
          </reporter-output>
        </test-method> <!-- Launching_the_Browser -->
      </class> <!-- mobile.Launch -->
    </test> <!-- Default test -->
  </suite> <!-- Default suite -->
</testng-results>
